[    1485ms] [ERROR] Failed to load resource: the server responded with a status of 500 (Internal Server Error) @ http://localhost:3000/login:0
[    1657ms] [INFO] %cDownload the React DevTools for a better development experience: https://react.dev/link/react-devtools font-weight:bold @ webpack-internal:///(pages-dir-browser)/./node_modules/.pnpm/react-dom@19.2.1_react@19.2.1/node_modules/react-dom/cjs/react-dom-client.development.js:28004
[    1715ms] Error: ENOENT: no such file or directory, open '/Users/sa.maksimov/Desktop/globus/alina/.next/server/app/(frontend)/login/page.js'
    at Object.readFileSync (node:fs:433:20)
    at defaultLoadImpl (node:internal/modules/cjs/loader:1128:17)
    at loadSource (node:internal/modules/cjs/loader:1761:20)
    at Object..js (node:internal/modules/cjs/loader:1893:44)
    at Module.load (node:internal/modules/cjs/loader:1469:32)
    at Module._load (node:internal/modules/cjs/loader:1286:12)
    at TracingChannel.traceSync (node:diagnostics_channel:322:14)
    at wrapModuleLoad (node:internal/modules/cjs/loader:235:24)
    at Module.<anonymous> (node:internal/modules/cjs/loader:1491:12)
    at mod.require (file:///Users/sa.maksimov/Desktop/globus/alina/node_modules/.pnpm/next@15.4.11_@babel+core@7.29.0_@playwright+test@1.58.2_react-dom@19.2.1_react@19.2.1__react@19.2.1_sass@1.77.4/node_modules/next/dist/server/require-hook.js:68:28)
    at require (node:internal/modules/helpers:135:16)
    at requirePage (file:///Users/sa.maksimov/Desktop/globus/alina/node_modules/.pnpm/next@15.4.11_@babel+core@7.29.0_@playwright+test@1.58.2_react-dom@19.2.1_react@19.2.1__react@19.2.1_sass@1.77.4/node_modules/next/dist/server/require.js:99:80)
    at loadComponentsImpl (file:///Users/sa.maksimov/Desktop/globus/alina/node_modules/.pnpm/next@15.4.11_@babel+core@7.29.0_@playwright+test@1.58.2_react-dom@19.2.1_react@19.2.1__react@19.2.1_sass@1.77.4/node_modules/next/dist/server/load-components.js:132:57)
    at async DevServer.findPageComponentsImpl (file:///Users/sa.maksimov/Desktop/globus/alina/node_modules/.pnpm/next@15.4.11_@babel+core@7.29.0_@playwright+test@1.58.2_react-dom@19.2.1_react@19.2.1__react@19.2.1_sass@1.77.4/node_modules/next/dist/server/next-server.js:900:36)
    at async DevServer.findPageComponents (file:///Users/sa.maksimov/Desktop/globus/alina/node_modules/.pnpm/next@15.4.11_@babel+core@7.29.0_@playwright+test@1.58.2_react-dom@19.2.1_react@19.2.1__react@19.2.1_sass@1.77.4/node_modules/next/dist/server/dev/next-dev-server.js:671:16)
    at async DevServer.renderPageComponent (file:///Users/sa.maksimov/Desktop/globus/alina/node_modules/.pnpm/next@15.4.11_@babel+core@7.29.0_@playwright+test@1.58.2_react-dom@19.2.1_react@19.2.1__react@19.2.1_sass@1.77.4/node_modules/next/dist/server/base-server.js:2386:24)
    at async DevServer.renderToResponseImpl (file:///Users/sa.maksimov/Desktop/globus/alina/node_modules/.pnpm/next@15.4.11_@babel+core@7.29.0_@playwright+test@1.58.2_react-dom@19.2.1_react@19.2.1__react@19.2.1_sass@1.77.4/node_modules/next/dist/server/base-server.js:2440:32)
    at async DevServer.pipeImpl (file:///Users/sa.maksimov/Desktop/globus/alina/node_modules/.pnpm/next@15.4.11_@babel+core@7.29.0_@playwright+test@1.58.2_react-dom@19.2.1_react@19.2.1__react@19.2.1_sass@1.77.4/node_modules/next/dist/server/base-server.js:1035:25)
    at async NextNodeServer.handleCatchallRenderRequest (file:///Users/sa.maksimov/Desktop/globus/alina/node_modules/.pnpm/next@15.4.11_@babel+core@7.29.0_@playwright+test@1.58.2_react-dom@19.2.1_react@19.2.1__react@19.2.1_sass@1.77.4/node_modules/next/dist/server/next-server.js:393:17)
    at async DevServer.handleRequestImpl (file:///Users/sa.maksimov/Desktop/globus/alina/node_modules/.pnpm/next@15.4.11_@babel+core@7.29.0_@playwright+test@1.58.2_react-dom@19.2.1_react@19.2.1__react@19.2.1_sass@1.77.4/node_modules/next/dist/server/base-server.js:925:17)
    at async (file:///Users/sa.maksimov/Desktop/globus/alina/node_modules/.pnpm/next@15.4.11_@babel+core@7.29.0_@playwright+test@1.58.2_react-dom@19.2.1_react@19.2.1__react@19.2.1_sass@1.77.4/node_modules/next/dist/server/dev/next-dev-server.js:398:20)
    at async Span.traceAsyncFn (file:///Users/sa.maksimov/Desktop/globus/alina/node_modules/.pnpm/next@15.4.11_@babel+core@7.29.0_@playwright+test@1.58.2_react-dom@19.2.1_react@19.2.1__react@19.2.1_sass@1.77.4/node_modules/next/dist/trace/trace.js:157:20)
    at async DevServer.handleRequest (file:///Users/sa.maksimov/Desktop/globus/alina/node_modules/.pnpm/next@15.4.11_@babel+core@7.29.0_@playwright+test@1.58.2_react-dom@19.2.1_react@19.2.1__react@19.2.1_sass@1.77.4/node_modules/next/dist/server/dev/next-dev-server.js:394:24)
    at async invokeRender (file:///Users/sa.maksimov/Desktop/globus/alina/node_modules/.pnpm/next@15.4.11_@babel+core@7.29.0_@playwright+test@1.58.2_react-dom@19.2.1_react@19.2.1__react@19.2.1_sass@1.77.4/node_modules/next/dist/server/lib/router-server.js:239:21)
    at async handleRequest (file:///Users/sa.maksimov/Desktop/globus/alina/node_modules/.pnpm/next@15.4.11_@babel+core@7.29.0_@playwright+test@1.58.2_react-dom@19.2.1_react@19.2.1__react@19.2.1_sass@1.77.4/node_modules/next/dist/server/lib/router-server.js:436:24)
    at async requestHandlerImpl (file:///Users/sa.maksimov/Desktop/globus/alina/node_modules/.pnpm/next@15.4.11_@babel+core@7.29.0_@playwright+test@1.58.2_react-dom@19.2.1_react@19.2.1__react@19.2.1_sass@1.77.4/node_modules/next/dist/server/lib/router-server.js:464:13)
    at async Server.requestListener (file:///Users/sa.maksimov/Desktop/globus/alina/node_modules/.pnpm/next@15.4.11_@babel+core@7.29.0_@playwright+test@1.58.2_react-dom@19.2.1_react@19.2.1__react@19.2.1_sass@1.77.4/node_modules/next/dist/server/lib/start-server.js:218:13)
[    1716ms] [LOG] [HMR] connected @ webpack-internal:///(pages-dir-browser)/./node_modules/.pnpm/next@15.4.11_@babel+core@7.29.0_@playwright+test@1.58.2_react-dom@19.2.1_react@19.2.1__react@19.2.1_sass@1.77.4/node_modules/next/dist/client/dev/hot-reloader/pages/websocket.js:45
[    1723ms] [ERROR] Failed to load resource: the server responded with a status of 404 (Not Found) @ http://localhost:3000/favicon.ico:0
[    3662ms] [ERROR] WebSocket connection to 'ws://localhost:3000/_next/webpack-hmr' failed: Error in connection establishment: net::ERR_CONNECTION_REFUSED @ webpack-internal:///(pages-dir-browser)/./node_modules/.pnpm/next@15.4.11_@babel+core@7.29.0_@playwright+test@1.58.2_react-dom@19.2.1_react@19.2.1__react@19.2.1_sass@1.77.4/node_modules/next/dist/client/dev/hot-reloader/pages/websocket.js:88
[    4666ms] [ERROR] WebSocket connection to 'ws://localhost:3000/_next/webpack-hmr' failed: Error in connection establishment: net::ERR_CONNECTION_REFUSED @ webpack-internal:///(pages-dir-browser)/./node_modules/.pnpm/next@15.4.11_@babel+core@7.29.0_@playwright+test@1.58.2_react-dom@19.2.1_react@19.2.1__react@19.2.1_sass@1.77.4/node_modules/next/dist/client/dev/hot-reloader/pages/websocket.js:88
[    5669ms] [ERROR] WebSocket connection to 'ws://localhost:3000/_next/webpack-hmr' failed: Error in connection establishment: net::ERR_CONNECTION_REFUSED @ webpack-internal:///(pages-dir-browser)/./node_modules/.pnpm/next@15.4.11_@babel+core@7.29.0_@playwright+test@1.58.2_react-dom@19.2.1_react@19.2.1__react@19.2.1_sass@1.77.4/node_modules/next/dist/client/dev/hot-reloader/pages/websocket.js:88
